C51 COMPILER V9.52.0.0   MAIN                                                              03/07/2023 23:25:40 PAGE 1   


C51 COMPILER V9.52.0.0, COMPILATION OF MODULE MAIN
OBJECT MODULE PLACED IN main.OBJ
COMPILER INVOKED BY: C:\Keil\C51\BIN\C51.EXE main.c BROWSE DEBUG OBJECTEXTEND TABS(2)

line level    source

   1          
   2          #include "main.h" 
   3          #include "..\lib\delay.h" 
   4          void main() {
   5   1      unsigned char i;
   6   1      while (1){
   7   2          P2 = 0x00; 
   8   2        
   9   2        for (i = 0 ; i < 8 ; i++){
  10   3        delay(300); 
  11   3        P2 = P2 << 1; 
  12   3        P2 = P2 | 1; 
  13   3        }
  14   2        delay(300); 
  15   2        P2 = 0x00; 
  16   2        for (i = 0; i < 8; i++){
  17   3      delay(300);
  18   3          P2 = P2 >> 1;  // 0000 0000
  19   3          P2 = P2 |0x80; // 1000 0000 
  20   3          }
  21   2          delay(300); 
  22   2      }
  23   1        }


MODULE INFORMATION:   STATIC OVERLAYABLE
   CODE SIZE        =     76    ----
   CONSTANT SIZE    =   ----    ----
   XDATA SIZE       =   ----    ----
   PDATA SIZE       =   ----    ----
   DATA SIZE        =   ----       1
   IDATA SIZE       =   ----    ----
   BIT SIZE         =   ----    ----
END OF MODULE INFORMATION.


C51 COMPILATION COMPLETE.  0 WARNING(S),  0 ERROR(S)
