C51 COMPILER V9.52.0.0   MAIN                                                              03/05/2023 23:13:51 PAGE 1   


C51 COMPILER V9.52.0.0, COMPILATION OF MODULE MAIN
OBJECT MODULE PLACED IN main.OBJ
COMPILER INVOKED BY: C:\Keil\C51\BIN\C51.EXE main.c BROWSE DEBUG OBJECTEXTEND TABS(2)

line level    source

   1          #include <main.h> 
   2          #include <port.h>
   3          
   4          void main() {
   5   1        LED = 0; 
   6   1      while(1){
   7   2        if (ON_BTN == 0){
   8   3      LED = 1; 
   9   3      } else if (OFF_BTN ==0){
  10   3      LED = 0; 
  11   3      }
  12   2      }}


MODULE INFORMATION:   STATIC OVERLAYABLE
   CODE SIZE        =     16    ----
   CONSTANT SIZE    =   ----    ----
   XDATA SIZE       =   ----    ----
   PDATA SIZE       =   ----    ----
   DATA SIZE        =   ----    ----
   IDATA SIZE       =   ----    ----
   BIT SIZE         =   ----    ----
END OF MODULE INFORMATION.


C51 COMPILATION COMPLETE.  0 WARNING(S),  0 ERROR(S)
