C51 COMPILER V9.52.0.0   MAIN                                                              03/27/2023 01:02:05 PAGE 1   


C51 COMPILER V9.52.0.0, COMPILATION OF MODULE MAIN
OBJECT MODULE PLACED IN main.OBJ
COMPILER INVOKED BY: C:\Keil\C51\BIN\C51.EXE main.c BROWSE DEBUG OBJECTEXTEND TABS(2)

line level    source

   1          #include "main.h" 
   2          #include "..\lib\delay.h"
   3          // ket noi phan cung 
   4          sbit BTN = P1^0; 
   5          sbit RL = P2^0; 
   6          unsigned char code Code7Seg[] = {0xC0, 0xF9, 0xA4, 0xB0, 0x99, 0x92, 0x82, 0xF8, 0x80, 0x90};
   7          #define LED P0
   8          void main() {
   9   1        signed char i; 
  10   1      while (1){
  11   2        LED = Code7Seg[9]; 
  12   2      if (BTN == 0){
  13   3      for (i = 9; i >= 0; i--){
  14   4          LED = Code7Seg[i]; 
  15   4          delay(1000);
  16   4      }
  17   3          RL = 0; 
  18   3      for (i = 0; i < 10; i++){
  19   4        LED = Code7Seg[i]; 
  20   4          delay(1000);
  21   4      }
  22   3      RL = 1; 
  23   3      }
  24   2        }
  25   1        }


MODULE INFORMATION:   STATIC OVERLAYABLE
   CODE SIZE        =    100    ----
   CONSTANT SIZE    =     10    ----
   XDATA SIZE       =   ----    ----
   PDATA SIZE       =   ----    ----
   DATA SIZE        =   ----       1
   IDATA SIZE       =   ----    ----
   BIT SIZE         =   ----    ----
END OF MODULE INFORMATION.


C51 COMPILATION COMPLETE.  0 WARNING(S),  0 ERROR(S)
