C51 COMPILER V9.52.0.0   DELAY                                                             03/07/2023 00:02:06 PAGE 1   


C51 COMPILER V9.52.0.0, COMPILATION OF MODULE DELAY
OBJECT MODULE PLACED IN .\delay.obj
COMPILER INVOKED BY: C:\Keil\C51\BIN\C51.EXE ..\lib\delay.c BROWSE DEBUG OBJECTEXTEND PRINT(.\delay.lst) TABS(2) OBJECT(
                    -.\delay.obj)

line level    source

   1          #include <delay.h>
*** WARNING C318 IN LINE 1 OF ..\lib\delay.c: can't open file 'delay.h'
   2          void delay(unsigned int t){
   3   1      unsigned int x,y; 
   4   1        for (x = 0; x < t; x++){
   5   2      for (y = 0; y < 123; y++){}
   6   2      }
   7   1      }


MODULE INFORMATION:   STATIC OVERLAYABLE
   CODE SIZE        =     32    ----
   CONSTANT SIZE    =   ----    ----
   XDATA SIZE       =   ----    ----
   PDATA SIZE       =   ----    ----
   DATA SIZE        =   ----    ----
   IDATA SIZE       =   ----    ----
   BIT SIZE         =   ----    ----
END OF MODULE INFORMATION.


C51 COMPILATION COMPLETE.  1 WARNING(S),  0 ERROR(S)
