C51 COMPILER V9.52.0.0   MAIN                                                              03/09/2023 23:04:06 PAGE 1   


C51 COMPILER V9.52.0.0, COMPILATION OF MODULE MAIN
OBJECT MODULE PLACED IN main.OBJ
COMPILER INVOKED BY: C:\Keil\C51\BIN\C51.EXE main.c BROWSE DEBUG OBJECTEXTEND TABS(2)

line level    source

   1          #include "main.h" 
   2          #include "..\lib\delay.h" 
   3          sbit BTN = P1^0;
   4          sbit LED = P2^0; 
   5          void main() {
   6   1        LED = 0; 
   7   1      while (1){
   8   2        /*if(ON_BTN == 0){
   9   2          LED = 1; 
  10   2      }
  11   2      if (OFF_BTN == 0){
  12   2        LED = 0;
  13   2        }*/ 
  14   2        if (BTN == 0){
  15   3          delay(20); 
  16   3          if (BTN == 0){
  17   4      LED = !LED; 
  18   4          while (BTN == 0);} 
  19   3      }
  20   2        }
  21   1      }


MODULE INFORMATION:   STATIC OVERLAYABLE
   CODE SIZE        =     22    ----
   CONSTANT SIZE    =   ----    ----
   XDATA SIZE       =   ----    ----
   PDATA SIZE       =   ----    ----
   DATA SIZE        =   ----    ----
   IDATA SIZE       =   ----    ----
   BIT SIZE         =   ----    ----
END OF MODULE INFORMATION.


C51 COMPILATION COMPLETE.  0 WARNING(S),  0 ERROR(S)
