C51 COMPILER V9.52.0.0   MAIN                                                              03/10/2023 00:56:52 PAGE 1   


C51 COMPILER V9.52.0.0, COMPILATION OF MODULE MAIN
OBJECT MODULE PLACED IN main.OBJ
COMPILER INVOKED BY: C:\Keil\C51\BIN\C51.EXE main.c BROWSE DEBUG OBJECTEXTEND TABS(2)

line level    source

   1          #include "main.h" 
   2          #include "..\lib\delay.h"
   3          
   4          sbit DEN_DO = P0^0;
   5          sbit DEN_VANG = P0^1;
   6          sbit DEN_XANH = P0^2;
   7          
   8          #define LED_CHUC P2
   9          #define LED_DVI P3 
  10          unsigned char code Code7Seg[] = {0xC0, 0xF9, 0xA4, 0xB0, 0x99, 0x92, 0x82, 0xF8, 0x80, 0x90};
  11          
  12          
  13          void main() {
  14   1        signed char i; 
  15   1        DEN_DO = 0; 
  16   1        DEN_VANG = 0; 
  17   1        DEN_XANH = 0; 
  18   1      while (1){
  19   2        //Den do sang 20 giay 
  20   2        DEN_DO = 1; 
  21   2        DEN_VANG = 0; 
  22   2        DEN_XANH = 0; 
  23   2        for (i = 20; i >= 0; i--){
  24   3        LED_CHUC = Code7Seg[i/10]; 
  25   3        LED_DVI = Code7Seg[i%10]; 
  26   3        delay(1000);
  27   3        }
  28   2        // bat den xanh 15 giay 
  29   2        DEN_DO = 0; 
  30   2        DEN_VANG = 0; 
  31   2        DEN_XANH = 1; 
  32   2        for (i = 15; i >= 0; i--){
  33   3        LED_CHUC = Code7Seg[i/10]; 
  34   3        LED_DVI = Code7Seg[i%10]; 
  35   3          delay(1000);
  36   3        }
  37   2        DEN_DO = 0; 
  38   2        DEN_VANG = 1; 
  39   2        DEN_XANH = 0; 
  40   2        for (i = 5; i >= 0; i--){
  41   3        LED_CHUC = Code7Seg[i/10]; 
  42   3        LED_DVI = Code7Seg[i%10];
  43   3          delay(1000);
  44   3        }
  45   2        }
  46   1        }


MODULE INFORMATION:   STATIC OVERLAYABLE
   CODE SIZE        =    260    ----
   CONSTANT SIZE    =     10    ----
   XDATA SIZE       =   ----    ----
   PDATA SIZE       =   ----    ----
   DATA SIZE        =   ----       1
   IDATA SIZE       =   ----    ----
C51 COMPILER V9.52.0.0   MAIN                                                              03/10/2023 00:56:52 PAGE 2   

   BIT SIZE         =   ----    ----
END OF MODULE INFORMATION.


C51 COMPILATION COMPLETE.  0 WARNING(S),  0 ERROR(S)
