C51 COMPILER V9.52.0.0   MAIN                                                              03/29/2023 00:32:14 PAGE 1   


C51 COMPILER V9.52.0.0, COMPILATION OF MODULE MAIN
OBJECT MODULE PLACED IN main.OBJ
COMPILER INVOKED BY: C:\Keil\C51\BIN\C51.EXE main.c BROWSE DEBUG OBJECTEXTEND TABS(2)

line level    source

   1          #include "main.h" 
   2          #include "..\lib\delay.h"
   3          #include "..\lib\IE74595.h"
   4          
   5          void main() {
   6   1        unsigned char b, i; 
   7   1        unsigned char buffer[2];
   8   1      while (1){
   9   2        for(i =0; i < 2;i++){
  10   3      
  11   3      buffer[i] = 0; 
  12   3      }
  13   2      IE74595_Out(buffer,2); 
  14   2      delay(500);
  15   2      for(i =0; i < 2;i++){
  16   3      
  17   3      buffer[i] = 1; 
  18   3      }
  19   2      IE74595_Out(buffer,2); 
  20   2      delay(500);
  21   2        
  22   2        b = 0; 
  23   2        IE74595_Out_Byte(b);
  24   2        delay(300);
  25   2        //IE74595_Out_Byte(b);
  26   2        //delay(500);
  27   2        //b = ~b; 
  28   2        for (i = 0; i < 8; i++){
  29   3        b = (b << 1)|0x01; 
  30   3          IE74595_Out_Byte(b);
  31   3          delay(500);
  32   3      }
  33   2        }
  34   1        }


MODULE INFORMATION:   STATIC OVERLAYABLE
   CODE SIZE        =    118    ----
   CONSTANT SIZE    =   ----    ----
   XDATA SIZE       =   ----    ----
   PDATA SIZE       =   ----    ----
   DATA SIZE        =   ----       4
   IDATA SIZE       =   ----    ----
   BIT SIZE         =   ----    ----
END OF MODULE INFORMATION.


C51 COMPILATION COMPLETE.  0 WARNING(S),  0 ERROR(S)
