C51 COMPILER V9.52.0.0   MAIN                                                              03/09/2023 23:36:09 PAGE 1   


C51 COMPILER V9.52.0.0, COMPILATION OF MODULE MAIN
OBJECT MODULE PLACED IN main.OBJ
COMPILER INVOKED BY: C:\Keil\C51\BIN\C51.EXE main.c BROWSE DEBUG OBJECTEXTEND TABS(2)

line level    source

   1          #include "main.h" 
   2          #include "..\lib\delay.h"
   3          sbit BTN = P1^0; 
   4          #define LED P0
   5          bit PressedFlag = 0; 
   6          
   7          unsigned char Delay500msVaKiemTraPhim(){
   8   1      unsigned char i; 
   9   1        for (i = 0; i < 50; i++){
  10   2      delay(10);
  11   2      if (BTN == 0){
  12   3        if (PressedFlag == 0){
  13   4            PressedFlag = 1; 
  14   4            return 1;  }
  15   3       
  16   3      }
  17   2      else {  
  18   3             PressedFlag = 0; }}
  19   1      return 0; 
  20   1      }
  21          void main() {
  22   1        unsigned char i; 
  23   1      while (1){
  24   2      LED = 0x00; 
  25   2        for ( i =0; i < 20; i++){
  26   3      if (Delay500msVaKiemTraPhim() == 1){
  27   4      break; 
  28   4      } LED = ~LED; 
  29   3      }
  30   2      LED = 0x55; 
  31   2      for ( i =0; i < 20; i++){
  32   3      if (Delay500msVaKiemTraPhim() == 1){
  33   4      break; 
  34   4      } LED = ~LED; 
  35   3      }
  36   2      LED = 0x0F;
  37   2        for ( i =0; i < 20; i++){
  38   3      if (Delay500msVaKiemTraPhim() == 1){
  39   4      break; 
  40   4      } LED = ~LED; 
  41   3      }
  42   2        }
  43   1        }


MODULE INFORMATION:   STATIC OVERLAYABLE
   CODE SIZE        =    114    ----
   CONSTANT SIZE    =   ----    ----
   XDATA SIZE       =   ----    ----
   PDATA SIZE       =   ----    ----
   DATA SIZE        =   ----       2
   IDATA SIZE       =   ----    ----
   BIT SIZE         =      1    ----
END OF MODULE INFORMATION.


C51 COMPILATION COMPLETE.  0 WARNING(S),  0 ERROR(S)
