C51 COMPILER V9.52.0.0   MAIN                                                              04/10/2023 00:04:07 PAGE 1   


C51 COMPILER V9.52.0.0, COMPILATION OF MODULE MAIN
OBJECT MODULE PLACED IN main.OBJ
COMPILER INVOKED BY: C:\Keil\C51\BIN\C51.EXE main.c BROWSE DEBUG OBJECTEXTEND TABS(2)

line level    source

   1          #include "main.h" 
   2          #include "..\UartMode1.h"
*** WARNING C318 IN LINE 2 OF main.c: can't open file '..\UartMode1.h'
   3          void main() {
   4   1        
   5   1        P1_0 = 0; 
   6   1        Uart_Init();
*** WARNING C206 IN LINE 6 OF main.c: 'Uart_Init': missing function-prototype
   7   1      while (1){
   8   2        
   9   2        if (Uart_Data_Ready()){
*** WARNING C206 IN LINE 9 OF main.c: 'Uart_Data_Ready': missing function-prototype
  10   3          if (Uart_Read() == 0x01){
*** WARNING C206 IN LINE 10 OF main.c: 'Uart_Read': missing function-prototype
  11   4        P1_0 = 1; // bat LED
  12   4        }
  13   3        else {
  14   4        P1_0 = 0; 
  15   4        }
  16   3        }
  17   2        }
  18   1        }


MODULE INFORMATION:   STATIC OVERLAYABLE
   CODE SIZE        =     29    ----
   CONSTANT SIZE    =   ----    ----
   XDATA SIZE       =   ----    ----
   PDATA SIZE       =   ----    ----
   DATA SIZE        =   ----    ----
   IDATA SIZE       =   ----    ----
   BIT SIZE         =   ----    ----
END OF MODULE INFORMATION.


C51 COMPILATION COMPLETE.  4 WARNING(S),  0 ERROR(S)
