C51 COMPILER V9.52.0.0   MAIN                                                              03/27/2023 23:04:16 PAGE 1   


C51 COMPILER V9.52.0.0, COMPILATION OF MODULE MAIN
OBJECT MODULE PLACED IN main.OBJ
COMPILER INVOKED BY: C:\Keil\C51\BIN\C51.EXE main.c BROWSE DEBUG OBJECTEXTEND TABS(2)

line level    source

   1          #include "main.h" 
   2          #include "..\lib\delay.h"
   3          #define LED_PORT P3 
   4          unsigned char code Code7Seg[] = {0xC0, 0xF9, 0xA4, 0xB0, 0x99, 0x92, 0x82, 0xF8, 0x80, 0x90};
   5          sbit LED1_PIN = P2^0; 
   6          sbit LED2_PIN = P2^1; 
   7          void main() {
   8   1      while (1){
   9   2        LED_PORT = Code7Seg[1]; 
  10   2        LED1_PIN = 0; 
  11   2        delay(500);
  12   2        LED1_PIN = 1; 
  13   2        
  14   2        LED_PORT = Code7Seg[2]; 
  15   2        LED2_PIN = 0; 
  16   2        delay(500);
  17   2        LED2_PIN = 1; 
  18   2        }
  19   1        }


MODULE INFORMATION:   STATIC OVERLAYABLE
   CODE SIZE        =     38    ----
   CONSTANT SIZE    =     10    ----
   XDATA SIZE       =   ----    ----
   PDATA SIZE       =   ----    ----
   DATA SIZE        =   ----    ----
   IDATA SIZE       =   ----    ----
   BIT SIZE         =   ----    ----
END OF MODULE INFORMATION.


C51 COMPILATION COMPLETE.  0 WARNING(S),  0 ERROR(S)
