C51 COMPILER V9.52.0.0   MAIN                                                              04/07/2023 12:27:07 PAGE 1   


C51 COMPILER V9.52.0.0, COMPILATION OF MODULE MAIN
OBJECT MODULE PLACED IN main.OBJ
COMPILER INVOKED BY: C:\Keil\C51\BIN\C51.EXE main.c BROWSE DEBUG OBJECTEXTEND TABS(2)

line level    source

   1          #include "main.h" 
   2          #include "..\lib\delay.h"
   3          #include "..\lib\Uart_Mode1.h"
   4          
   5          void main() {
   6   1      char i; 
   7   1      Uart_Init(); 
   8   1      while (1){
   9   2        Uart_Write_Text("nhap vao ky ty in thuong");
  10   2        while (Uart_Date_Ready() == 0); 
*** WARNING C206 IN LINE 10 OF main.c: 'Uart_Date_Ready': missing function-prototype
  11   2        i = Uart_Read(); 
  12   2        i = i - 32; // doi sang in hoa 
  13   2        Uart_Write_Text("->"); 
  14   2        Uart_Write(i); 
  15   2        Uart_Write_Text("\r\n"); 
  16   2        }
  17   1        }


MODULE INFORMATION:   STATIC OVERLAYABLE
   CODE SIZE        =     55    ----
   CONSTANT SIZE    =     31    ----
   XDATA SIZE       =   ----    ----
   PDATA SIZE       =   ----    ----
   DATA SIZE        =   ----       1
   IDATA SIZE       =   ----    ----
   BIT SIZE         =   ----    ----
END OF MODULE INFORMATION.


C51 COMPILATION COMPLETE.  1 WARNING(S),  0 ERROR(S)
