C51 COMPILER V9.52.0.0   UART_MODE1                                                        04/07/2023 12:27:07 PAGE 1   


C51 COMPILER V9.52.0.0, COMPILATION OF MODULE UART_MODE1
OBJECT MODULE PLACED IN .\Uart_Mode1.obj
COMPILER INVOKED BY: C:\Keil\C51\BIN\C51.EXE ..\lib\Uart_Mode1.c BROWSE DEBUG OBJECTEXTEND PRINT(.\Uart_Mode1.lst) TABS(
                    -2) OBJECT(.\Uart_Mode1.obj)

line level    source

   1          #include "main.h" 
   2          #include "..\lib\Uart_Mode1.h"
   3          
   4          void Uart_Init(){
   5   1        //Khoi tao UART o mode 1, 9600 baud 
   6   1        SM0 = 0; SM1 = 1; // Chon UART Mode 1 
   7   1        TMOD &= 0x0F; // 0010 xxxx - Timer1 hoat dong o che do 8bit tu dong nap lai 
   8   1        TMOD |= 0x20; 
   9   1        TH1 = 0xFD; 
  10   1        TR1 = 1; // Timer1 bat dau chay 
  11   1        TI = 1; // san sang gui du lieu 
  12   1        REN = 1; //Cho phep nhan du lieu
  13   1      }
  14          
  15          void Uart_Write(char c){
  16   1      while (TI == 0);
  17   1      TI = 0;
  18   1      SBUF = 0; 
  19   1      
  20   1      }
*** WARNING C280 IN LINE 15 OF ..\lib\Uart_Mode1.c: 'c': unreferenced local variable
  21          
  22          char Uart_Data_Ready(){
  23   1      return RI; 
  24   1      }
  25          
  26          char Uart_Read(){
  27   1      RI = 0; 
  28   1      return SBUF; 
  29   1      
  30   1      }
  31          void Uart_Write_Text(char *str){
  32   1      unsigned char i = 0; 
  33   1        while(str[i] != 0){
  34   2        Uart_Write(str[i]);
  35   2          i++;
  36   2      }
  37   1      
  38   1      }


MODULE INFORMATION:   STATIC OVERLAYABLE
   CODE SIZE        =     74    ----
   CONSTANT SIZE    =   ----    ----
   XDATA SIZE       =   ----    ----
   PDATA SIZE       =   ----    ----
   DATA SIZE        =   ----       4
   IDATA SIZE       =   ----    ----
   BIT SIZE         =   ----    ----
END OF MODULE INFORMATION.


C51 COMPILATION COMPLETE.  1 WARNING(S),  0 ERROR(S)
