C51 COMPILER V9.52.0.0   DELAY                                                             04/09/2023 23:45:52 PAGE 1   


C51 COMPILER V9.52.0.0, COMPILATION OF MODULE DELAY
OBJECT MODULE PLACED IN .\delay.obj
COMPILER INVOKED BY: C:\Keil\C51\BIN\C51.EXE ..\lib\delay.c BROWSE DEBUG OBJECTEXTEND PRINT(.\delay.lst) TABS(2) OBJECT(
                    -.\delay.obj)

line level    source

   1          #include"Delay.h"
   2          #include"main.h"
   3          
   4          #if(FREQ_OSC == 12000000)
                void Delay_ms(unsigned int t)
                {
                  unsigned int x,y;
                  for(x=0;x<t;x++)
                  {
                    for(y=0;y<123;y++);
                  } 
                }
              #elif(FREQ_OSC == 11059200)
  14            void Delay_ms(unsigned int t)
  15            {
  16   1          unsigned int x, y;
  17   1          for(x = 0; x<t; x++)
  18   1          {
  19   2            for(y=0; y<113; y++);
  20   2          }
  21   1        }
  22          #elif(FREQ_OSC == 8000000)
                void Delay_ms(unsigned int t)
                {
                  unsigned int x;
                  unsigned char y;
                  for(x = 0; x<t; x++)
                  {
                    for(y=0; y<218; y++);
                  }
                }
              
              #elif(FREQ_OSC == 4000000)
                void Delay_ms(unsigned int t)
                {
                  unsigned int x;
                  unsigned char y;
                  for(x = 0; x<t; x++)
                  {
                    for(y=0; y<106; y++);
                  }
                }
              #else
                #error "Khong co ham Delay_ms nao tuong ung"
              #endif
  46            


MODULE INFORMATION:   STATIC OVERLAYABLE
   CODE SIZE        =     32    ----
   CONSTANT SIZE    =   ----    ----
   XDATA SIZE       =   ----    ----
   PDATA SIZE       =   ----    ----
   DATA SIZE        =   ----    ----
C51 COMPILER V9.52.0.0   DELAY                                                             04/09/2023 23:45:52 PAGE 2   

   IDATA SIZE       =   ----    ----
   BIT SIZE         =   ----    ----
END OF MODULE INFORMATION.


C51 COMPILATION COMPLETE.  0 WARNING(S),  0 ERROR(S)
