C51 COMPILER V9.52.0.0   MAIN                                                              04/09/2023 23:59:37 PAGE 1   


C51 COMPILER V9.52.0.0, COMPILATION OF MODULE MAIN
OBJECT MODULE PLACED IN main.OBJ
COMPILER INVOKED BY: C:\Keil\C51\BIN\C51.EXE main.c BROWSE DEBUG OBJECTEXTEND TABS(2)

line level    source

   1          #include "main.h" 
   2          #include "..\lib\delay.h"
   3          #include "..\lib\UartMode1.h"
   4          void main() {
   5   1        Uart_Init();
   6   1      while (1){
   7   2        if (P1_0 == 0){
   8   3        Delay_ms(20);
   9   3        Uart_Write(0x01);
  10   3        while(P1_0 ==0);
  11   3        }
  12   2          if (P1_1 == 0){
  13   3        Delay_ms(20);
  14   3        Uart_Write(0x00);
  15   3        while(P1_1 ==0);
  16   3        }
  17   2        }
  18   1        }


MODULE INFORMATION:   STATIC OVERLAYABLE
   CODE SIZE        =     41    ----
   CONSTANT SIZE    =   ----    ----
   XDATA SIZE       =   ----    ----
   PDATA SIZE       =   ----    ----
   DATA SIZE        =   ----    ----
   IDATA SIZE       =   ----    ----
   BIT SIZE         =   ----    ----
END OF MODULE INFORMATION.


C51 COMPILATION COMPLETE.  0 WARNING(S),  0 ERROR(S)
