C51 COMPILER V9.52.0.0   MAIN                                                              04/10/2023 00:41:57 PAGE 1   


C51 COMPILER V9.52.0.0, COMPILATION OF MODULE MAIN
OBJECT MODULE PLACED IN main.OBJ
COMPILER INVOKED BY: C:\Keil\C51\BIN\C51.EXE main.c BROWSE DEBUG OBJECTEXTEND TABS(2)

line level    source

   1          #include "main.h" 
   2          #include <stdio.h>
   3          #include "..\lib\delay.h"
   4          #include "..\lib\UartMode1.h"
   5          void main() {
   6   1        char c; 
   7   1        // khoi tao Uart , 1 bit start, 8 bit du lieu , 1 bit stop
   8   1        Uart_Init();
   9   1        putchar ('A'); // tuong duong Uart_Write 
  10   1        printf("Hello, world"); 
  11   1        
  12   1        
  13   1      while (1){
  14   2        Uart_Write_Text("Nhap vao 1 ky tu : "); 
  15   2        c = _getkey(); 
  16   2        putchar(c-32); // doi sang ky tu in Hoa 
  17   2        putchar('\r');
  18   2        putchar('\n');
  19   2        }
  20   1        }


MODULE INFORMATION:   STATIC OVERLAYABLE
   CODE SIZE        =     51    ----
   CONSTANT SIZE    =     33    ----
   XDATA SIZE       =   ----    ----
   PDATA SIZE       =   ----    ----
   DATA SIZE        =   ----       1
   IDATA SIZE       =   ----    ----
   BIT SIZE         =   ----    ----
END OF MODULE INFORMATION.


C51 COMPILATION COMPLETE.  0 WARNING(S),  0 ERROR(S)
