C51 COMPILER V9.52.0.0   MAIN                                                              03/06/2023 23:44:03 PAGE 1   


C51 COMPILER V9.52.0.0, COMPILATION OF MODULE MAIN
OBJECT MODULE PLACED IN main.OBJ
COMPILER INVOKED BY: C:\Keil\C51\BIN\C51.EXE main.c BROWSE DEBUG OBJECTEXTEND TABS(2)

line level    source

   1          #include <REGX52.H>
   2          void delay_ms(unsigned char t ){
   3   1      unsigned int x, y; 
   4   1      for (x = 0; x < t; x++){
   5   2        for (y = 0; y < 123 ; y++){
   6   3      }
   7   2      }
   8   1      }
   9          void main() {
  10   1      int i; 
  11   1        
  12   1      while(1){
  13   2         P0 = 0x01;
  14   2         for (i = 0 ; i < 8; i++){
  15   3         // 0000 0001
  16   3           
  17   3           delay_ms(500); 
  18   3            P0 <<= 1; 
  19   3      }
  20   2      P0 = 0x80; 
  21   2      for (i = 0; i < 8 ; i++){
  22   3      delay_ms(500); 
  23   3        P0 = P0 >> 1; 
  24   3      }
  25   2      }
  26   1      }


MODULE INFORMATION:   STATIC OVERLAYABLE
   CODE SIZE        =     96    ----
   CONSTANT SIZE    =   ----    ----
   XDATA SIZE       =   ----    ----
   PDATA SIZE       =   ----    ----
   DATA SIZE        =   ----    ----
   IDATA SIZE       =   ----    ----
   BIT SIZE         =   ----    ----
END OF MODULE INFORMATION.


C51 COMPILATION COMPLETE.  0 WARNING(S),  0 ERROR(S)
