C51 COMPILER V9.52.0.0   MAIN                                                              04/07/2023 00:40:19 PAGE 1   


C51 COMPILER V9.52.0.0, COMPILATION OF MODULE MAIN
OBJECT MODULE PLACED IN main.OBJ
COMPILER INVOKED BY: C:\Keil\C51\BIN\C51.EXE main.c BROWSE DEBUG OBJECTEXTEND TABS(2)

line level    source

   1          #include "main.h" 
   2          #include "..\lib\delay.h"
   3          
   4          void Uart_Mode0_Write(unsigned char b){
   5   1        SBUF = 0x01; 
   6   1        while (TI == 0);
   7   1        TI = 0; 
   8   1        P3_2 = 0; 
   9   1        P3_2 = 1;
  10   1      }
*** WARNING C280 IN LINE 4 OF main.c: 'b': unreferenced local variable
  11          
  12          void main() {
  13   1          SM0 = SM1 = 0; 
  14   1      while (1){
  15   2        Uart_Mode0_Write(0x00);
  16   2        Delay_ms(500);
  17   2        Uart_Mode0_Write(0xFF);
  18   2      
  19   2        
  20   2        }
  21   1        }


MODULE INFORMATION:   STATIC OVERLAYABLE
   CODE SIZE        =     38    ----
   CONSTANT SIZE    =   ----    ----
   XDATA SIZE       =   ----    ----
   PDATA SIZE       =   ----    ----
   DATA SIZE        =   ----       1
   IDATA SIZE       =   ----    ----
   BIT SIZE         =   ----    ----
END OF MODULE INFORMATION.


C51 COMPILATION COMPLETE.  1 WARNING(S),  0 ERROR(S)
