C51 COMPILER V9.52.0.0   MAIN                                                              03/10/2023 00:26:47 PAGE 1   


C51 COMPILER V9.52.0.0, COMPILATION OF MODULE MAIN
OBJECT MODULE PLACED IN main.OBJ
COMPILER INVOKED BY: C:\Keil\C51\BIN\C51.EXE main.c BROWSE DEBUG OBJECTEXTEND TABS(2)

line level    source

   1          #include "main.h" 
   2          #include "..\\lib\\delay.h"
   3          unsigned char code Code7Seg[] = {0xC0, 0xF9, 0xA4, 0xB0, 0x99, 0x92, 0x82, 0xF8, 0x80, 0x90};
   4          void main() {
   5   1        //P2 = 0x79; 
   6   1        //P2 = 0xF9; 
   7   1        //P2 = 0xC0; 
   8   1        unsigned int i; 
   9   1      while (1){
  10   2        for (i = 0; i < 10; i++){
  11   3        P2 = Code7Seg[i]; 
  12   3          delay(500); 
  13   3      }
  14   2        }
  15   1        }


MODULE INFORMATION:   STATIC OVERLAYABLE
   CODE SIZE        =     47    ----
   CONSTANT SIZE    =     10    ----
   XDATA SIZE       =   ----    ----
   PDATA SIZE       =   ----    ----
   DATA SIZE        =   ----       2
   IDATA SIZE       =   ----    ----
   BIT SIZE         =   ----    ----
END OF MODULE INFORMATION.


C51 COMPILATION COMPLETE.  0 WARNING(S),  0 ERROR(S)
