C51 COMPILER V9.52.0.0   MAIN                                                              03/27/2023 22:53:37 PAGE 1   


C51 COMPILER V9.52.0.0, COMPILATION OF MODULE MAIN
OBJECT MODULE PLACED IN main.OBJ
COMPILER INVOKED BY: C:\Keil\C51\BIN\C51.EXE main.c BROWSE DEBUG OBJECTEXTEND TABS(2)

line level    source

   1          #include "main.h" 
   2          #include "../lib/delay.h"
   3          void main() {
   4   1        unsigned int dem = 0; 
   5   1        unsigned char chuc,tram,dvi; 
   6   1        unsigned char tam; 
   7   1      while (1){
   8   2        dvi = dem %10; 
   9   2        chuc = (dem%100)/10; 
  10   2        tram = dem/100; 
  11   2        
  12   2        tam = chuc << 4;
  13   2        tam |= dvi; 
  14   2        P2 = tam; 
  15   2        P3 = tram; 
  16   2        delay (100);
  17   2        
  18   2        dem++;
  19   2        dem %= 1000;
  20   2        }
  21   1        }


MODULE INFORMATION:   STATIC OVERLAYABLE
   CODE SIZE        =    105    ----
   CONSTANT SIZE    =   ----    ----
   XDATA SIZE       =   ----    ----
   PDATA SIZE       =   ----    ----
   DATA SIZE        =   ----       6
   IDATA SIZE       =   ----    ----
   BIT SIZE         =   ----    ----
END OF MODULE INFORMATION.


C51 COMPILATION COMPLETE.  0 WARNING(S),  0 ERROR(S)
