C51 COMPILER V9.52.0.0   MAIN                                                              03/27/2023 23:17:30 PAGE 1   


C51 COMPILER V9.52.0.0, COMPILATION OF MODULE MAIN
OBJECT MODULE PLACED IN main.OBJ
COMPILER INVOKED BY: C:\Keil\C51\BIN\C51.EXE main.c BROWSE DEBUG OBJECTEXTEND TABS(2)

line level    source

   1          #include "main.h" 
   2          #include "..\lib\delay.h"
   3          #define LED_PORT P2
   4          unsigned char code Code7Seg[] = {0xC0, 0xF9, 0xA4, 0xB0, 0x99, 0x92, 0x82, 0xF8, 0x80, 0x90};
   5          sbit LED1_PIN = P3^0;
   6          sbit LED2_PIN = P3^1;
   7          unsigned int i; 
   8          
   9          void main() {
  10   1        unsigned char dem; 
  11   1        unsigned char chuc, dvi; 
  12   1      while (1){
  13   2        for (dem = 0; dem < 100; dem++){
  14   3      chuc = dem/10; 
  15   3      dvi = dem%10; 
  16   3          for(i = 0; i < 500; i++){
  17   4          LED_PORT = Code7Seg[chuc]; 
  18   4          LED1_PIN = 0; 
  19   4          delay(1); 
  20   4          LED1_PIN = 1; 
  21   4          
  22   4          LED_PORT = Code7Seg[dvi]; 
  23   4          LED2_PIN = 0; 
  24   4          delay(1); 
  25   4          LED2_PIN = 1; 
  26   4          }
  27   3      }
  28   2        }
  29   1        }


MODULE INFORMATION:   STATIC OVERLAYABLE
   CODE SIZE        =     91    ----
   CONSTANT SIZE    =     10    ----
   XDATA SIZE       =   ----    ----
   PDATA SIZE       =   ----    ----
   DATA SIZE        =      2       3
   IDATA SIZE       =   ----    ----
   BIT SIZE         =   ----    ----
END OF MODULE INFORMATION.


C51 COMPILATION COMPLETE.  0 WARNING(S),  0 ERROR(S)
