C51 COMPILER V9.52.0.0   MAIN                                                              04/10/2023 11:42:03 PAGE 1   


C51 COMPILER V9.52.0.0, COMPILATION OF MODULE MAIN
OBJECT MODULE PLACED IN main.OBJ
COMPILER INVOKED BY: C:\Keil\C51\BIN\C51.EXE main.c BROWSE DEBUG OBJECTEXTEND TABS(2)

line level    source

   1          #include "main.h" 
   2          #include "..\lib\delay.h"
   3          unsigned char cnt = 10; 
   4          void main() {
   5   1        unsigned char i;
   6   1        TMOD &= 0xF0; 
   7   1        TMOD |= 0x01; 
   8   1        
   9   1        TH0 = 0x3C; 
  10   1        TL0 = 0xB0; 
  11   1        
  12   1        ET0 = 1; // cho phep ngat timer0 
  13   1        EA =1; // cho phep ngat toan cuc
  14   1        
  15   1        TR0 = 1; // cho phep timer0 hoat dong
  16   1      while (1){
  17   2        P1 = 0x00; 
  18   2        Delay_ms(100); 
  19   2        for (i = 0;i < 8; i++){
  20   3        P1 <<=1; 
  21   3        P1 |= 0x01; 
  22   3        Delay_ms(100);
  23   3        }
  24   2        }
  25   1        }
  26          void Timer0Overflow(void) interrupt 1 {
  27   1        // nap lai gia tri cho TH0 va TL0 
  28   1      TH0 = 0x3C; 
  29   1      TL0 = 0xB0; 
  30   1      cnt--; 
  31   1        if (cnt == 0){
  32   2        cnt = 10; 
  33   2        // User code 
  34   2        P2 = ~P2; 
  35   2        }
  36   1      
  37   1      }


MODULE INFORMATION:   STATIC OVERLAYABLE
   CODE SIZE        =     73    ----
   CONSTANT SIZE    =   ----    ----
   XDATA SIZE       =   ----    ----
   PDATA SIZE       =   ----    ----
   DATA SIZE        =      1       1
   IDATA SIZE       =   ----    ----
   BIT SIZE         =   ----    ----
END OF MODULE INFORMATION.


C51 COMPILATION COMPLETE.  0 WARNING(S),  0 ERROR(S)
