C51 COMPILER V9.52.0.0   MAIN                                                              03/28/2023 00:11:50 PAGE 1   


C51 COMPILER V9.52.0.0, COMPILATION OF MODULE MAIN
OBJECT MODULE PLACED IN main.OBJ
COMPILER INVOKED BY: C:\Keil\C51\BIN\C51.EXE main.c BROWSE DEBUG OBJECTEXTEND TABS(2)

line level    source

   1          #include "main.h" 
   2          #include "..\lib\delay.h"
   3          #include "..\lib\KeyPad4x4.h"
   4          
   5          #define LED_PORT P2 
   6          sbit LED1 = P3^0; 
   7          sbit LED2 = P3^1; 
   8          unsigned char code Code7Seg[] = {0xC0, 0xF9, 0xA4, 0xB0, 0x99, 0x92, 0x82, 0xF8, 0x80, 0x90};
   9          void main() {
  10   1        unsigned char key, tmp; 
  11   1      while (1){
  12   2        key = KeyPress(); 
  13   2        if (key != 0){
  14   3        tmp = key; 
  15   3      }
  16   2      LED_PORT = Code7Seg[tmp/10]; 
  17   2      LED1 = 0; 
  18   2      delay(1); 
  19   2      LED1 = 1; 
  20   2      LED_PORT = Code7Seg[tmp%10]; 
  21   2      LED2 = 0; 
  22   2      delay(1); 
  23   2      LED2 = 1; 
  24   2      
  25   2      
  26   2        
  27   2        }
  28   1        }


MODULE INFORMATION:   STATIC OVERLAYABLE
   CODE SIZE        =     58    ----
   CONSTANT SIZE    =     10    ----
   XDATA SIZE       =   ----    ----
   PDATA SIZE       =   ----    ----
   DATA SIZE        =   ----       1
   IDATA SIZE       =   ----    ----
   BIT SIZE         =   ----    ----
END OF MODULE INFORMATION.


C51 COMPILATION COMPLETE.  0 WARNING(S),  0 ERROR(S)
