C51 COMPILER V9.52.0.0   DELAY                                                             03/09/2023 23:47:00 PAGE 1   


C51 COMPILER V9.52.0.0, COMPILATION OF MODULE DELAY
OBJECT MODULE PLACED IN .\delay.obj
COMPILER INVOKED BY: C:\Keil\C51\BIN\C51.EXE ..\lib\delay.c BROWSE DEBUG OBJECTEXTEND PRINT(.\delay.lst) TABS(2) OBJECT(
                    -.\delay.obj)

line level    source

   1          #include "delay.h"
   2          
   3          #if(FREQ_OSC == 12000000)
   4          void delay(unsigned int t){
   5   1      unsigned int x,y; 
   6   1        for (x = 0; x < t; x++){
   7   2      for (y = 0; y < 123; y++){}}
   8   1      }
   9          #elif (FREQ_OSC == 11059200)
                void delay(unsigned int t){
              unsigned int x,y; 
                for (x = 0; x < t; x++){
              for (y = 0; y < 113; y++){}}
              }
              #elif (FREQ_OSC == 4000000)
              void delay(unsigned int t){
              unsigned int x,y; 
                for (x = 0; x < t; x++){
              for (y = 0; y < 106; y++){}}
              }
              #elif (FREQ_OSC == 8000000)
              void delay(unsigned int t){
              unsigned int x,y; 
                for (x = 0; x < t; x++){
              for (y = 0; y < 218; y++){}}
              }
              #else #error "Khong co ham delay tuong ung phan cung" 
              #endif


MODULE INFORMATION:   STATIC OVERLAYABLE
   CODE SIZE        =     32    ----
   CONSTANT SIZE    =   ----    ----
   XDATA SIZE       =   ----    ----
   PDATA SIZE       =   ----    ----
   DATA SIZE        =   ----    ----
   IDATA SIZE       =   ----    ----
   BIT SIZE         =   ----    ----
END OF MODULE INFORMATION.


C51 COMPILATION COMPLETE.  0 WARNING(S),  0 ERROR(S)
