C51 COMPILER V9.52.0.0   MAIN                                                              03/09/2023 23:53:23 PAGE 1   


C51 COMPILER V9.52.0.0, COMPILATION OF MODULE MAIN
OBJECT MODULE PLACED IN main.OBJ
COMPILER INVOKED BY: C:\Keil\C51\BIN\C51.EXE main.c BROWSE DEBUG OBJECTEXTEND TABS(2)

line level    source

   1          #include "main.h" 
   2          #include "..\lib\delay.h"
   3          
   4          sbit BTN = P1^0; 
   5          sbit RELAY = P2^0; 
   6          void main() {
   7   1        
   8   1        RELAY = 1; //tat den 
   9   1      while (1){
  10   2        if (BTN == 0){
  11   3      delay(20); 
  12   3          if (BTN == 0){
  13   4          RELAY = !RELAY; 
  14   4            while (BTN ==0);
  15   4      }
  16   3      }
  17   2        }
  18   1        }


MODULE INFORMATION:   STATIC OVERLAYABLE
   CODE SIZE        =     22    ----
   CONSTANT SIZE    =   ----    ----
   XDATA SIZE       =   ----    ----
   PDATA SIZE       =   ----    ----
   DATA SIZE        =   ----    ----
   IDATA SIZE       =   ----    ----
   BIT SIZE         =   ----    ----
END OF MODULE INFORMATION.


C51 COMPILATION COMPLETE.  0 WARNING(S),  0 ERROR(S)
