C51 COMPILER V9.52.0.0   MAIN                                                              04/06/2023 00:49:20 PAGE 1   


C51 COMPILER V9.52.0.0, COMPILATION OF MODULE MAIN
OBJECT MODULE PLACED IN main.OBJ
COMPILER INVOKED BY: C:\Keil\C51\BIN\C51.EXE main.c BROWSE DEBUG OBJECTEXTEND TABS(2)

line level    source

   1          #include "main.h" 
   2          #include "..\lib\delay.h"
   3          // khai bao ket noi voi LCD 
   4          
   5          sbit LCD_RS = P2^0; 
   6          sbit LCD_EN = P2^1; 
   7          #define LCD_DATA P3
   8          
   9          void LCD_Cmd( unsigned char cmd)
  10          {
  11   1        LCD_RS = 0; 
  12   1        LCD_DATA = cmd; 
  13   1        LCD_EN = 1; 
  14   1        LCD_EN = 0; 
  15   1      //  delay(2); 
  16   1        if (cmd <= 0x02){
  17   2        delay(2);
  18   2      }
  19   1      else {
  20   2      delay(1); 
  21   2      }
  22   1      }
  23          void Lcd_Chr_Cp(char c) // current position
  24          {
  25   1      LCD_RS = 1; 
  26   1        LCD_DATA = c; 
  27   1        LCD_EN = 1; 
  28   1        LCD_EN = 0; 
  29   1        delay(1);
  30   1      }
  31          void Lcd_Chr(unsigned char row, unsigned char col, char c){
  32   1        unsigned char cmd; 
  33   1        
  34   1        cmd = (row == 1? 0x80: 0xC0 )+ col - 1; 
  35   1        LCD_Cmd(cmd); 
  36   1        Lcd_Chr_Cp(c); 
  37   1        
  38   1      // Di chuyen con tro den vi tri can thiet 
  39   1        
  40   1        
  41   1      }
  42          
  43          void Lcd_Out_Cp(char *str){
  44   1      unsigned char i = 0; 
  45   1      while (str[i]!=0){
  46   2      Lcd_Chr_Cp(str[i]);
  47   2      i++;
  48   2      }
  49   1      }
  50          void Lcd_Out(unsigned char row, unsigned char col, char* str){
  51   1      unsigned char cmd; 
  52   1        cmd = (row == 1? 0x80: 0xC0 )+ col - 1; 
  53   1        LCD_Cmd(cmd); 
  54   1        Lcd_Out_Cp(str); 
  55   1        
C51 COMPILER V9.52.0.0   MAIN                                                              04/06/2023 00:49:20 PAGE 2   

  56   1        
  57   1      }
  58          void Lcd_Init(){
  59   1      LCD_Cmd(0x30);
  60   1        delay(5);
  61   1        LCD_Cmd(0x30);
  62   1        delay(1);
  63   1        LCD_Cmd(0x30);
  64   1        
  65   1        LCD_Cmd(0x38); // so dong hien thi la 2 font 0x8 
  66   1        
  67   1          LCD_Cmd(0x01); // xoa toan bo noi dung tren LCD
  68   1          LCD_Cmd(0x0C); // bat hien thi va tat con tro
  69   1      }
  70          void main() {
  71   1      
  72   1        Lcd_Init();
  73   1        //LCD_Cmd(0x01); // xoa toan bo noi dung tren LCD
  74   1        //LCD_Cmd(0x0C); // bat hien thi va tat con tro
  75   1        //Lcd_Chr_Cp('A'); // hien thi ky tu a
  76   1        
  77   1        //Lcd_Out_Cp("Hello World");
  78   1        //LCD_Cmd(0xC0); // di chuyen con tro ve dong 2
  79   1        //Lcd_Out_Cp("This is line 2");
  80   1        
  81   1        //LCD_Cmd(0x84); // di chuyen con tro den dong 1, cot 5
  82   1        //Lcd_Chr_Cp('A'); // Xuat ky tu A 
  83   1        
  84   1        
  85   1        Lcd_Out(1,1,"Toi yeu nuoc viet nam");
  86   1        delay(30);
  87   1        LCD_Cmd(0x1C); // dich tat ca sang phai 
  88   1        LCD_Cmd(0x02);
  89   1        
  90   1        
  91   1      while (1){
  92   2      
  93   2        }
  94   1        }


MODULE INFORMATION:   STATIC OVERLAYABLE
   CODE SIZE        =    209    ----
   CONSTANT SIZE    =     22    ----
   XDATA SIZE       =   ----    ----
   PDATA SIZE       =   ----    ----
   DATA SIZE        =   ----       8
   IDATA SIZE       =   ----    ----
   BIT SIZE         =   ----    ----
END OF MODULE INFORMATION.


C51 COMPILATION COMPLETE.  0 WARNING(S),  0 ERROR(S)
