C51 COMPILER V9.52.0.0   MAIN                                                              04/07/2023 10:40:35 PAGE 1   


C51 COMPILER V9.52.0.0, COMPILATION OF MODULE MAIN
OBJECT MODULE PLACED IN main.OBJ
COMPILER INVOKED BY: C:\Keil\C51\BIN\C51.EXE main.c BROWSE DEBUG OBJECTEXTEND TABS(2)

line level    source

   1          #include "main.h" 
   2          #include "..\lib\delay.h"
   3          void main() {
   4   1        unsigned char b; 
   5   1        SM0 = SM1 = 0; // khoi dong UART Mode 0 
   6   1        REN = 1; // cho phep nhan du lieu 
   7   1        P1_0 = 0;
   8   1      while (1){
   9   2        P3_2 = 0; // tao xung chot du lieu ngo vao 74165
  10   2        P3_2 = 1; 
  11   2        
  12   2        RI = 0; 
  13   2        while (RI == 0); 
  14   2        b = SBUF; 
  15   2        
  16   2        if((b&0x02)==0) // 0000 0010 giu lai bit 1 
  17   2          
  18   2        {
  19   3        P1_0 = 1;
  20   3        }
  21   2        if ((b&0x01)==0){
  22   3        P1_0 = 0; 
  23   3        }
  24   2        
  25   2        }
  26   1        }


MODULE INFORMATION:   STATIC OVERLAYABLE
   CODE SIZE        =     33    ----
   CONSTANT SIZE    =   ----    ----
   XDATA SIZE       =   ----    ----
   PDATA SIZE       =   ----    ----
   DATA SIZE        =   ----    ----
   IDATA SIZE       =   ----    ----
   BIT SIZE         =   ----    ----
END OF MODULE INFORMATION.


C51 COMPILATION COMPLETE.  0 WARNING(S),  0 ERROR(S)
